<?xml version="1.0" encoding="UTF-8"?>
<!-- Generated by org.testng.reporters.JUnitReportReporter -->
<testsuite hostname="BLACKBEARD" failures="0" tests="3" name="testSuites.TestCases" time="33.005" errors="0" timestamp="2023-03-09T14:16:37 IST" skipped="0">
  <testcase classname="testSuites.TestCases" name="testHospitalFinder" time="16.164"/>
  <system-out/>
  <testcase classname="testSuites.TestCases" name="testCorporateWellness" time="10.634"/>
  <system-out/>
  <testcase classname="testSuites.TestCases" name="testTopCities" time="6.207"/>
  <system-out/>
</testsuite> <!-- testSuites.TestCases -->
