<?xml version="1.0" encoding="UTF-8"?>
<!-- Generated by org.testng.reporters.JUnitReportReporter -->
<testsuite hostname="BLACKBEARD" failures="0" tests="3" name="BaseClasses.BaseClass" time="6.047" errors="0" timestamp="2023-02-11T09:15:05 IST" skipped="0">
  <testcase classname="BaseClasses.BaseClass" name="loadPropertiesFile" time="0.010"/>
  <system-out/>
  <testcase classname="BaseClasses.BaseClass" name="invokeBrowser" time="1.937"/>
  <system-out/>
  <testcase classname="BaseClasses.BaseClass" name="openURL" time="4.100"/>
  <system-out/>
</testsuite> <!-- BaseClasses.BaseClass -->
